app/build/intermediates/incremental/manifest_merge_blame_file/debug/manifest-merger-blame-debug-report.txt
1<?xml version="1.0" encoding="utf-8"?>
2<manifest xmlns:android="http://schemas.android.com/apk/res/android"
3    package="com.amrcseian.professorfinder"
4    android:versionCode="1"
5    android:versionName="1.0" >
6
7    <uses-sdk
8        android:minSdkVersion="21"
8-->src\main\AndroidManifest.xml
9        android:targetSdkVersion="30" />
9-->src\main\AndroidManifest.xml
10
11    <!-- Although the *SdkVersion is captured in gradle build files, this is required for non gradle builds -->
12    <!-- <uses-sdk android:minSdkVersion="14"/> -->
13    <uses-permission android:name="android.permission.ACCESS_NETWORK_STATE" />
13-->[com.google.firebase:firebase-database:19.6.0] AndroidManifest.xml:25:5-79
13-->[com.google.firebase:firebase-database:19.6.0] AndroidManifest.xml:25:22-76
14    <uses-permission android:name="android.permission.INTERNET" />
14-->[com.google.firebase:firebase-database:19.6.0] AndroidManifest.xml:26:5-67
14-->[com.google.firebase:firebase-database:19.6.0] AndroidManifest.xml:26:22-64
15
16    <application
16-->src\main\AndroidManifest.xml:5:5-35:19
17        android:allowBackup="true"
17-->src\main\AndroidManifest.xml:6:9-35
18        android:appComponentFactory="androidx.core.app.CoreComponentFactory"
18-->[androidx.core:core:1.3.1] AndroidManifest.xml:24:18-86
19        android:debuggable="true"
20        android:icon="@mipmap/ic_launcher"
20-->src\main\AndroidManifest.xml:7:9-43
21        android:label="@string/app_name"
21-->src\main\AndroidManifest.xml:8:9-41
22        android:roundIcon="@mipmap/ic_launcher_round"
22-->src\main\AndroidManifest.xml:9:9-54
23        android:supportsRtl="true"
23-->src\main\AndroidManifest.xml:10:9-35
24        android:testOnly="true"
25        android:theme="@style/Theme.ProfessorFinder" >
25-->src\main\AndroidManifest.xml:11:9-53
26        <activity android:name="com.amrcseian.professorfinder.User.ProfileActivity" />
26-->src\main\AndroidManifest.xml:12:9-67
26-->src\main\AndroidManifest.xml:12:19-55
27        <activity android:name="com.amrcseian.professorfinder.common.AboutDevelopersActivity" />
27-->src\main\AndroidManifest.xml:13:9-77
27-->src\main\AndroidManifest.xml:13:19-65
28        <activity android:name="com.amrcseian.professorfinder.User.SentMailActivity" />
28-->src\main\AndroidManifest.xml:14:9-59
28-->src\main\AndroidManifest.xml:14:19-56
29        <activity android:name="com.amrcseian.professorfinder.User.SearchActivity" />
29-->src\main\AndroidManifest.xml:15:9-57
29-->src\main\AndroidManifest.xml:15:19-54
30        <activity android:name="com.amrcseian.professorfinder.User.UniversityDetailsActivity" />
30-->src\main\AndroidManifest.xml:16:9-68
30-->src\main\AndroidManifest.xml:16:19-65
31        <activity android:name="com.amrcseian.professorfinder.User.ProfessorDetailsActivity" />
31-->src\main\AndroidManifest.xml:17:9-67
31-->src\main\AndroidManifest.xml:17:19-64
32        <activity android:name="com.amrcseian.professorfinder.User.FindUniversityActivity" />
32-->src\main\AndroidManifest.xml:18:9-65
32-->src\main\AndroidManifest.xml:18:19-62
33        <activity android:name="com.amrcseian.professorfinder.User.FindProfessorActivity" />
33-->src\main\AndroidManifest.xml:19:9-64
33-->src\main\AndroidManifest.xml:19:19-61
34        <activity android:name="com.amrcseian.professorfinder.User.AfterRegistration" />
34-->src\main\AndroidManifest.xml:20:9-60
34-->src\main\AndroidManifest.xml:20:19-57
35        <activity android:name="com.amrcseian.professorfinder.User.UserDashboard" />
35-->src\main\AndroidManifest.xml:21:9-56
35-->src\main\AndroidManifest.xml:21:19-53
36        <activity android:name="com.amrcseian.professorfinder.common.ForgotPasswordActivity" />
36-->src\main\AndroidManifest.xml:22:9-67
36-->src\main\AndroidManifest.xml:22:19-64
37        <activity android:name="com.amrcseian.professorfinder.common.RegistrationActivity" />
37-->src\main\AndroidManifest.xml:23:9-74
37-->src\main\AndroidManifest.xml:23:19-62
38        <activity android:name="com.amrcseian.professorfinder.common.LoginActivity" >
38-->src\main\AndroidManifest.xml:25:9-27:20
38-->src\main\AndroidManifest.xml:25:19-55
39        </activity>
40        <activity android:name="com.amrcseian.professorfinder.common.SplashScreen" >
40-->src\main\AndroidManifest.xml:28:9-34:20
40-->src\main\AndroidManifest.xml:28:19-54
41            <intent-filter>
41-->src\main\AndroidManifest.xml:29:13-33:29
42                <action android:name="android.intent.action.MAIN" />
42-->src\main\AndroidManifest.xml:30:17-69
42-->src\main\AndroidManifest.xml:30:25-66
43
44                <category android:name="android.intent.category.LAUNCHER" />
44-->src\main\AndroidManifest.xml:32:17-77
44-->src\main\AndroidManifest.xml:32:27-74
45            </intent-filter>
46        </activity>
47
48        <service
48-->[com.google.firebase:firebase-database:19.6.0] AndroidManifest.xml:29:9-35:19
49            android:name="com.google.firebase.components.ComponentDiscoveryService"
49-->[com.google.firebase:firebase-database:19.6.0] AndroidManifest.xml:30:13-84
50            android:directBootAware="true"
50-->[com.google.firebase:firebase-common:19.5.0] AndroidManifest.xml:35:13-43
51            android:exported="false" >
51-->[com.google.firebase:firebase-database:19.6.0] AndroidManifest.xml:31:13-37
52            <meta-data
52-->[com.google.firebase:firebase-database:19.6.0] AndroidManifest.xml:32:13-34:85
53                android:name="com.google.firebase.components:com.google.firebase.database.DatabaseRegistrar"
53-->[com.google.firebase:firebase-database:19.6.0] AndroidManifest.xml:33:17-109
54                android:value="com.google.firebase.components.ComponentRegistrar" />
54-->[com.google.firebase:firebase-database:19.6.0] AndroidManifest.xml:34:17-82
55            <meta-data
55-->[com.google.firebase:firebase-auth:20.0.2] AndroidManifest.xml:77:13-79:85
56                android:name="com.google.firebase.components:com.google.firebase.auth.FirebaseAuthRegistrar"
56-->[com.google.firebase:firebase-auth:20.0.2] AndroidManifest.xml:78:17-109
57                android:value="com.google.firebase.components.ComponentRegistrar" />
57-->[com.google.firebase:firebase-auth:20.0.2] AndroidManifest.xml:79:17-82
58            <!--
59                This registrar is not defined in the dynamic-module-support sdk itself to allow non-firebase
60                clients to use it as well, by defining this registrar in their own core/common library.
61            -->
62            <meta-data
62-->[com.google.firebase:firebase-common:19.5.0] AndroidManifest.xml:43:13-45:85
63                android:name="com.google.firebase.components:com.google.firebase.dynamicloading.DynamicLoadingRegistrar"
63-->[com.google.firebase:firebase-common:19.5.0] AndroidManifest.xml:44:17-121
64                android:value="com.google.firebase.components.ComponentRegistrar" />
64-->[com.google.firebase:firebase-common:19.5.0] AndroidManifest.xml:45:17-82
65        </service>
66
67        <activity
67-->[com.google.firebase:firebase-auth:20.0.2] AndroidManifest.xml:27:9-44:20
68            android:name="com.google.firebase.auth.internal.GenericIdpActivity"
68-->[com.google.firebase:firebase-auth:20.0.2] AndroidManifest.xml:28:13-80
69            android:excludeFromRecents="true"
69-->[com.google.firebase:firebase-auth:20.0.2] AndroidManifest.xml:29:13-46
70            android:exported="true"
70-->[com.google.firebase:firebase-auth:20.0.2] AndroidManifest.xml:30:13-36
71            android:launchMode="singleTask"
71-->[com.google.firebase:firebase-auth:20.0.2] AndroidManifest.xml:31:13-44
72            android:theme="@android:style/Theme.Translucent.NoTitleBar" >
72-->[com.google.firebase:firebase-auth:20.0.2] AndroidManifest.xml:32:13-72
73            <intent-filter>
73-->[com.google.firebase:firebase-auth:20.0.2] AndroidManifest.xml:33:13-43:29
74                <action android:name="android.intent.action.VIEW" />
74-->[com.google.firebase:firebase-auth:20.0.2] AndroidManifest.xml:34:17-69
74-->[com.google.firebase:firebase-auth:20.0.2] AndroidManifest.xml:34:25-66
75
76                <category android:name="android.intent.category.DEFAULT" />
76-->[com.google.firebase:firebase-auth:20.0.2] AndroidManifest.xml:36:17-76
76-->[com.google.firebase:firebase-auth:20.0.2] AndroidManifest.xml:36:27-73
77                <category android:name="android.intent.category.BROWSABLE" />
77-->[com.google.firebase:firebase-auth:20.0.2] AndroidManifest.xml:37:17-78
77-->[com.google.firebase:firebase-auth:20.0.2] AndroidManifest.xml:37:27-75
78
79                <data
79-->[com.google.firebase:firebase-auth:20.0.2] AndroidManifest.xml:39:17-42:51
80                    android:host="firebase.auth"
80-->[com.google.firebase:firebase-auth:20.0.2] AndroidManifest.xml:40:21-49
81                    android:path="/"
81-->[com.google.firebase:firebase-auth:20.0.2] AndroidManifest.xml:41:21-37
82                    android:scheme="genericidp" />
82-->[com.google.firebase:firebase-auth:20.0.2] AndroidManifest.xml:42:21-48
83            </intent-filter>
84        </activity>
85        <activity
85-->[com.google.firebase:firebase-auth:20.0.2] AndroidManifest.xml:45:9-62:20
86            android:name="com.google.firebase.auth.internal.RecaptchaActivity"
86-->[com.google.firebase:firebase-auth:20.0.2] AndroidManifest.xml:46:13-79
87            android:excludeFromRecents="true"
87-->[com.google.firebase:firebase-auth:20.0.2] AndroidManifest.xml:47:13-46
88            android:exported="true"
88-->[com.google.firebase:firebase-auth:20.0.2] AndroidManifest.xml:48:13-36
89            android:launchMode="singleTask"
89-->[com.google.firebase:firebase-auth:20.0.2] AndroidManifest.xml:49:13-44
90            android:theme="@android:style/Theme.Translucent.NoTitleBar" >
90-->[com.google.firebase:firebase-auth:20.0.2] AndroidManifest.xml:50:13-72
91            <intent-filter>
91-->[com.google.firebase:firebase-auth:20.0.2] AndroidManifest.xml:51:13-61:29
92                <action android:name="android.intent.action.VIEW" />
92-->[com.google.firebase:firebase-auth:20.0.2] AndroidManifest.xml:34:17-69
92-->[com.google.firebase:firebase-auth:20.0.2] AndroidManifest.xml:34:25-66
93
94                <category android:name="android.intent.category.DEFAULT" />
94-->[com.google.firebase:firebase-auth:20.0.2] AndroidManifest.xml:36:17-76
94-->[com.google.firebase:firebase-auth:20.0.2] AndroidManifest.xml:36:27-73
95                <category android:name="android.intent.category.BROWSABLE" />
95-->[com.google.firebase:firebase-auth:20.0.2] AndroidManifest.xml:37:17-78
95-->[com.google.firebase:firebase-auth:20.0.2] AndroidManifest.xml:37:27-75
96
97                <data
97-->[com.google.firebase:firebase-auth:20.0.2] AndroidManifest.xml:39:17-42:51
98                    android:host="firebase.auth"
98-->[com.google.firebase:firebase-auth:20.0.2] AndroidManifest.xml:40:21-49
99                    android:path="/"
99-->[com.google.firebase:firebase-auth:20.0.2] AndroidManifest.xml:41:21-37
100                    android:scheme="recaptcha" />
100-->[com.google.firebase:firebase-auth:20.0.2] AndroidManifest.xml:42:21-48
101            </intent-filter>
102        </activity>
103
104        <service
104-->[com.google.firebase:firebase-auth:20.0.2] AndroidManifest.xml:64:9-73:19
105            android:name="com.google.firebase.auth.api.fallback.service.FirebaseAuthFallbackService"
105-->[com.google.firebase:firebase-auth:20.0.2] AndroidManifest.xml:65:13-101
106            android:enabled="true"
106-->[com.google.firebase:firebase-auth:20.0.2] AndroidManifest.xml:66:13-35
107            android:exported="false" >
107-->[com.google.firebase:firebase-auth:20.0.2] AndroidManifest.xml:67:13-37
108            <intent-filter>
108-->[com.google.firebase:firebase-auth:20.0.2] AndroidManifest.xml:68:13-72:29
109                <action android:name="com.google.firebase.auth.api.gms.service.START" />
109-->[com.google.firebase:firebase-auth:20.0.2] AndroidManifest.xml:69:17-89
109-->[com.google.firebase:firebase-auth:20.0.2] AndroidManifest.xml:69:25-86
110
111                <category android:name="android.intent.category.DEFAULT" />
111-->[com.google.firebase:firebase-auth:20.0.2] AndroidManifest.xml:36:17-76
111-->[com.google.firebase:firebase-auth:20.0.2] AndroidManifest.xml:36:27-73
112            </intent-filter>
113        </service>
114
115        <activity
115-->[com.google.android.gms:play-services-base:17.1.0] AndroidManifest.xml:23:9-26:75
116            android:name="com.google.android.gms.common.api.GoogleApiActivity"
116-->[com.google.android.gms:play-services-base:17.1.0] AndroidManifest.xml:24:13-79
117            android:exported="false"
117-->[com.google.android.gms:play-services-base:17.1.0] AndroidManifest.xml:25:13-37
118            android:theme="@android:style/Theme.Translucent.NoTitleBar" />
118-->[com.google.android.gms:play-services-base:17.1.0] AndroidManifest.xml:26:13-72
119
120        <provider
120-->[com.google.firebase:firebase-common:19.5.0] AndroidManifest.xml:26:9-31:39
121            android:name="com.google.firebase.provider.FirebaseInitProvider"
121-->[com.google.firebase:firebase-common:19.5.0] AndroidManifest.xml:27:13-77
122            android:authorities="com.amrcseian.professorfinder.firebaseinitprovider"
122-->[com.google.firebase:firebase-common:19.5.0] AndroidManifest.xml:28:13-72
123            android:directBootAware="true"
123-->[com.google.firebase:firebase-common:19.5.0] AndroidManifest.xml:29:13-43
124            android:exported="false"
124-->[com.google.firebase:firebase-common:19.5.0] AndroidManifest.xml:30:13-37
125            android:initOrder="100" />
125-->[com.google.firebase:firebase-common:19.5.0] AndroidManifest.xml:31:13-36
126
127        <meta-data
127-->[com.google.android.gms:play-services-basement:17.1.0] AndroidManifest.xml:23:9-25:69
128            android:name="com.google.android.gms.version"
128-->[com.google.android.gms:play-services-basement:17.1.0] AndroidManifest.xml:24:13-58
129            android:value="@integer/google_play_services_version" />
129-->[com.google.android.gms:play-services-basement:17.1.0] AndroidManifest.xml:25:13-66
130    </application>
131
132</manifest>